<?xml version="1.0" encoding="UTF-8"?>
<!-- Generated by org.testng.reporters.JUnitReportReporter -->
<testsuite hostname="QT-INBG-LT0167" failures="0" tests="2" name="test.Basic3" time="0.006" errors="0" timestamp="2021-03-16T16:27:11 IST" skipped="0">
  <testcase classname="test.Basic3" name="webdebitcardmethod2" time="0.005"/>
  <system-out/>
  <testcase classname="test.Basic3" name="webdebitcardmethod1" time="0.001"/>
  <system-out/>
</testsuite> <!-- test.Basic3 -->
