<?xml version="1.0" encoding="UTF-8"?>
<!-- Generated by org.testng.reporters.JUnitReportReporter -->
<testsuite hostname="QT-INBG-LT0167" failures="0" tests="1" name="test.globalvar$GlobalVariables" time="0.019" errors="0" timestamp="2021-03-18T11:16:46 IST" skipped="0">
  <testcase classname="test.globalvar$GlobalVariables" name="login" time="0.019"/>
  <system-out/>
</testsuite> <!-- test.globalvar$GlobalVariables -->
