<?xml version="1.0" encoding="UTF-8"?>
<!-- Generated by org.testng.reporters.JUnitReportReporter -->
<testsuite hostname="QT-INBG-LT0167" failures="0" tests="1" name="test.globalvar" time="5.168" errors="0" timestamp="2021-03-20T11:09:56 IST" skipped="0">
  <testcase classname="test.globalvar" name="login" time="5.168"/>
  <system-out/>
</testsuite> <!-- test.globalvar -->
