<?xml version="1.0" encoding="UTF-8"?>
<!-- Generated by org.testng.reporters.JUnitReportReporter -->
<testsuite hostname="QT-INBG-LT0167" failures="0" tests="1" name="test.basic4" time="0.010" errors="0" timestamp="2021-03-16T16:27:11 IST" skipped="0">
  <testcase classname="test.basic4" name="mobiledebitcardmethod1" time="0.010"/>
  <system-out/>
</testsuite> <!-- test.basic4 -->
