<?xml version="1.0" encoding="UTF-8"?>
<!-- Generated by org.testng.reporters.JUnitReportReporter -->
<testsuite hostname="QT-INBG-LT0167" failures="0" tests="2" name="test.basic2" time="0.002" errors="0" timestamp="2021-03-16T16:27:11 IST" skipped="0">
  <testcase classname="test.basic2" name="mobilecreditcardmethod2" time="0.001"/>
  <system-out/>
  <testcase classname="test.basic2" name="mobilecreditcardmethod1" time="0.001"/>
  <system-out/>
</testsuite> <!-- test.basic2 -->
