<?xml version="1.0" encoding="UTF-8"?>
<!-- Generated by org.testng.reporters.JUnitReportReporter -->
<testsuite hostname="QT-INBG-LT0167" failures="0" tests="1" name="test.Globalvariables" time="0.013" errors="0" timestamp="2021-03-18T10:53:31 IST" skipped="0">
  <testcase classname="test.Globalvariables" name="login" time="0.013"/>
  <system-out/>
</testsuite> <!-- test.Globalvariables -->
